<?xml version="1.0" encoding="UTF-8"?>
<!-- Generated by org.testng.reporters.JUnitReportReporter -->
<testsuite hostname="a" failures="0" tests="1" name="TestCases.VerifyCheckoutProcess" time="49.201" errors="0" timestamp="2023-03-10T18:10:33 IST" skipped="0">
  <testcase classname="TestCases.VerifyCheckoutProcess" name="checkOutProcess" time="49.201"/>
  <system-out/>
</testsuite> <!-- TestCases.VerifyCheckoutProcess -->
