<?xml version="1.0" encoding="UTF-8"?>
<!-- Generated by org.testng.reporters.JUnitReportReporter -->
<testsuite hostname="a" failures="0" tests="1" name="TestCases.VerifyCheckoutProcess" time="76.709" errors="0" timestamp="2023-03-20T18:57:59 IST" skipped="0">
  <testcase classname="TestCases.VerifyCheckoutProcess" name="checkOutProcess" time="76.709"/>
  <system-out/>
</testsuite> <!-- TestCases.VerifyCheckoutProcess -->
