<?xml version="1.0" encoding="UTF-8"?>
<!-- Generated by org.testng.reporters.JUnitReportReporter -->
<testsuite hostname="a" failures="0" tests="1" name="TestCases.VerifyFooter" time="117.035" errors="0" timestamp="2023-03-19T13:06:29 IST" skipped="0">
  <testcase classname="TestCases.VerifyFooter" name="footer" time="117.035"/>
  <system-out/>
</testsuite> <!-- TestCases.VerifyFooter -->
