<?xml version="1.0" encoding="UTF-8"?>
<!-- Generated by org.testng.reporters.JUnitReportReporter -->
<testsuite hostname="a" failures="0" tests="1" name="TestCases.VerifyAddToCart" time="57.169" errors="0" timestamp="2023-03-11T00:04:23 IST" skipped="0">
  <testcase classname="TestCases.VerifyAddToCart" name="addToCartt" time="57.169"/>
  <system-out/>
</testsuite> <!-- TestCases.VerifyAddToCart -->
