<?xml version="1.0" encoding="UTF-8"?>
<!-- Generated by org.testng.reporters.JUnitReportReporter -->
<testsuite hostname="a" failures="0" tests="1" name="TestCases.VerifyLogin" time="18.665" errors="0" timestamp="2023-03-11T00:04:23 IST" skipped="0">
  <testcase classname="TestCases.VerifyLogin" name="loginUser" time="18.665"/>
  <system-out/>
</testsuite> <!-- TestCases.VerifyLogin -->
