<?xml version="1.0" encoding="UTF-8"?>
<!-- Generated by org.testng.reporters.JUnitReportReporter -->
<testsuite hostname="a" failures="0" tests="1" name="TestCases.VerifyProductComparison" time="37.773" errors="0" timestamp="2023-03-19T13:06:30 IST" skipped="0">
  <testcase classname="TestCases.VerifyProductComparison" name="productComparison" time="37.773"/>
  <system-out/>
</testsuite> <!-- TestCases.VerifyProductComparison -->
