<?xml version="1.0" encoding="UTF-8"?>
<!-- Generated by org.testng.reporters.JUnitReportReporter -->
<testsuite hostname="a" failures="0" tests="1" name="TestCases.UploadFile" time="30.929" errors="0" timestamp="2023-03-15T11:56:47 IST" skipped="0">
  <testcase classname="TestCases.UploadFile" name="uploadingFile" time="30.929"/>
  <system-out/>
</testsuite> <!-- TestCases.UploadFile -->
